Watching for file changes with StatReloader
[26/Apr/2022 07:52:18] "POST /account/get_image HTTP/1.1" 200 2
[26/Apr/2022 07:52:24] "POST /account/get_user HTTP/1.1" 200 134
[26/Apr/2022 07:58:19,756] - Broken pipe from ('49.207.224.11', 38344)

Not Found: /
[26/Apr/2022 08:39:20] "GET / HTTP/1.1" 404 2313
[26/Apr/2022 08:58:44] "GET /admin/ HTTP/1.1" 302 0
[26/Apr/2022 09:44:23] "GET /admin/account/image/ HTTP/1.1" 200 6526
[26/Apr/2022 09:44:24] "GET /admin/jsi18n/ HTTP/1.1" 200 3343
[26/Apr/2022 09:44:24] "GET /static/admin/css/base.css HTTP/1.1" 304 0
[26/Apr/2022 09:44:24] "GET /static/admin/css/nav_sidebar.css HTTP/1.1" 304 0
[26/Apr/2022 09:44:24] "GET /static/admin/css/changelists.css HTTP/1.1" 304 0
[26/Apr/2022 09:44:24] "GET /static/admin/css/responsive.css HTTP/1.1" 304 0
[26/Apr/2022 09:44:24] "GET /static/admin/js/vendor/jquery/jquery.js HTTP/1.1" 200 288580
[26/Apr/2022 09:44:24] "GET /static/admin/js/jquery.init.js HTTP/1.1" 304 0
[26/Apr/2022 09:44:24] "GET /static/admin/js/prepopulate.js HTTP/1.1" 304 0
[26/Apr/2022 09:44:24] "GET /static/admin/js/actions.js HTTP/1.1" 304 0
[26/Apr/2022 09:44:24] "GET /static/admin/js/urlify.js HTTP/1.1" 304 0
[26/Apr/2022 09:44:24] "GET /static/admin/js/vendor/xregexp/xregexp.js HTTP/1.1" 200 232381
[26/Apr/2022 09:44:24] "GET /static/admin/css/fonts.css HTTP/1.1" 304 0
[26/Apr/2022 09:44:24] "GET /static/admin/js/admin/RelatedObjectLookups.js HTTP/1.1" 304 0
[26/Apr/2022 09:44:24] "GET /static/admin/js/core.js HTTP/1.1" 304 0
[26/Apr/2022 09:44:24] "GET /static/admin/js/nav_sidebar.js HTTP/1.1" 304 0
[26/Apr/2022 09:44:24] "GET /static/admin/img/icon-addlink.svg HTTP/1.1" 304 0
[26/Apr/2022 09:44:24] "GET /static/admin/img/tooltag-add.svg HTTP/1.1" 304 0
[26/Apr/2022 09:44:24] "GET /static/admin/fonts/Roboto-Regular-webfont.woff HTTP/1.1" 304 0
[26/Apr/2022 09:44:24] "GET /static/admin/fonts/Roboto-Bold-webfont.woff HTTP/1.1" 304 0
[26/Apr/2022 09:44:24] "GET /static/admin/fonts/Roboto-Light-webfont.woff HTTP/1.1" 304 0
/home/azureuser/AI_Stylist/ai_stylist/settings.py changed, reloading.
Performing system checks...

System check identified no issues (0 silenced).
April 26, 2022 - 07:52:11
Django version 4.0.4, using settings 'ai_stylist.settings'
Starting development server at http://0.0.0.0:8000/
Quit the server with CONTROL-C.
Watching for file changes with StatReloader
